2026-02-09 19:46:53.423427: W tensorflow/compiler/xla/stream_executor/platform/default/dso_loader.cc:64] Could not load dynamic library 'libcudart.so.11.0'; dlerror: libcudart.so.11.0: cannot open shared object file: No such file or directory
2026-02-09 19:46:54.378853: W tensorflow/compiler/xla/stream_executor/platform/default/dso_loader.cc:64] Could not load dynamic library 'libnvinfer.so.7'; dlerror: libnvinfer.so.7: cannot open shared object file: No such file or directory
2026-02-09 19:46:54.378988: W tensorflow/compiler/xla/stream_executor/platform/default/dso_loader.cc:64] Could not load dynamic library 'libnvinfer_plugin.so.7'; dlerror: libnvinfer_plugin.so.7: cannot open shared object file: No such file or directory
2026-02-09 19:46:54.378997: W tensorflow/compiler/tf2tensorrt/utils/py_utils.cc:38] TF-TRT Warning: Cannot dlopen some TensorRT libraries. If you would like to use Nvidia GPU with TensorRT, please make sure the missing libraries mentioned above are installed properly.
/usr/local/lib/python3.10/dist-packages/tensorflow_addons/utils/tfa_eol_msg.py:23: UserWarning: 

TensorFlow Addons (TFA) has ended development and introduction of new features.
TFA has entered a minimal maintenance and release mode until a planned end of life in May 2024.
Please modify downstream libraries to take dependencies from other repositories in our TensorFlow community (e.g. Keras, Keras-CV, and Keras-NLP). 

For more information see: https://github.com/tensorflow/addons/issues/2807 

  warnings.warn(
2026-02-09 19:46:56.531886: W tensorflow/compiler/xla/stream_executor/platform/default/dso_loader.cc:64] Could not load dynamic library 'libcuda.so.1'; dlerror: libcuda.so.1: cannot open shared object file: No such file or directory
2026-02-09 19:46:56.531983: W tensorflow/compiler/xla/stream_executor/cuda/cuda_driver.cc:265] failed call to cuInit: UNKNOWN ERROR (303)
I0209 19:46:56.532116 140244122411008 call_variants.py:918] call_variants: env = {'HOSTNAME': 'a2de761bdfeb', 'PYTHON_VERSION': '3.10', 'TF_CPP_MIN_LOG_LEVEL': '1', 'DV_GPU_BUILD': '0', 'PWD': '/opt/deepvariant', 'VERSION_DEEPSOMATIC': '1.8.0', 'TF_ENABLE_ONEDNN_OPTS': '1', '_': '/usr/bin/python3', 'HOME': '/root', 'TPU_ML_PLATFORM': 'Tensorflow', 'SHLVL': '3', 'LC_CTYPE': 'C.UTF-8', 'PATH': '/usr/local/sbin:/usr/local/bin:/usr/sbin:/usr/bin:/sbin:/bin:/opt/conda/bin:/opt/conda/envs/bio/bin:/opt/deepvariant/bin/deepsomatic:/opt/deepvariant/bin', 'TF2_BEHAVIOR': '1', 'PYTHONPATH': '/tmp/Bazel.runfiles_0lwqsydo/runfiles:/tmp/Bazel.runfiles_0lwqsydo/runfiles/com_google_protobuf/python:/tmp/Bazel.runfiles_0lwqsydo/runfiles/absl_py:/tmp/Bazel.runfiles_0lwqsydo/runfiles/bazel_tools:/tmp/Bazel.runfiles_0lwqsydo/runfiles/com_google_deepvariant:/tmp/Bazel.runfiles_0lwqsydo/runfiles/com_google_protobuf:/tmp/Bazel.runfiles_0lwqsydo/runfiles/six_archive', 'RUNFILES_DIR': '/tmp/Bazel.runfiles_0lwqsydo/runfiles'}
I0209 19:46:56.547474 140244122411008 call_variants.py:785] Total 1 writing processes started.
I0209 19:46:56.550202 140244122411008 call_variants.py:796] Use saved model: True
I0209 19:46:56.551924 140244122411008 dv_utils.py:325] From /data/deepsomatic_output/intermediate/make_examples_somatic.tfrecord-00000-of-00001.gz.example_info.json: Shape of input examples: [100, 221, 7], Channels of input examples: [1, 2, 3, 4, 5, 6, 19].
I0209 19:47:04.007196 140244122411008 dv_utils.py:325] From /opt/models/deepsomatic/wgs/example_info.json: Shape of input examples: [200, 221, 7], Channels of input examples: [1, 2, 3, 4, 5, 6, 19].
W0209 19:47:04.007375 140244122411008 call_variants.py:668] Input shape 100 and model shape 200 does not match.
I0209 19:47:04.007454 140244122411008 call_variants.py:814] example_shape: [100, 221, 7]
Traceback (most recent call last):
  File "/tmp/Bazel.runfiles_0lwqsydo/runfiles/com_google_deepvariant/deepvariant/call_variants.py", line 976, in <module>
    app.run(main)
  File "/tmp/Bazel.runfiles_0lwqsydo/runfiles/absl_py/absl/app.py", line 312, in run
    _run_main(main, args)
  File "/tmp/Bazel.runfiles_0lwqsydo/runfiles/absl_py/absl/app.py", line 258, in _run_main
    sys.exit(main(argv))
  File "/tmp/Bazel.runfiles_0lwqsydo/runfiles/com_google_deepvariant/deepvariant/call_variants.py", line 952, in main
    call_variants(
  File "/tmp/Bazel.runfiles_0lwqsydo/runfiles/com_google_deepvariant/deepvariant/call_variants.py", line 837, in call_variants
    for (
  File "/usr/local/lib/python3.10/dist-packages/tensorflow/python/data/ops/iterator_ops.py", line 787, in __next__
    return self._next_internal()
  File "/usr/local/lib/python3.10/dist-packages/tensorflow/python/data/ops/iterator_ops.py", line 770, in _next_internal
    ret = gen_dataset_ops.iterator_get_next(
  File "/usr/local/lib/python3.10/dist-packages/tensorflow/python/ops/gen_dataset_ops.py", line 3017, in iterator_get_next
    _ops.raise_from_not_ok_status(e, name)
  File "/usr/local/lib/python3.10/dist-packages/tensorflow/python/framework/ops.py", line 7215, in raise_from_not_ok_status
    raise core._status_to_exception(e) from None  # pylint: disable=protected-access
tensorflow.python.framework.errors_impl.DataLossError: {{function_node __wrapped__IteratorGetNext_output_types_4_device_/job:localhost/replica:0/task:0/device:CPU:0}} corrupted record at 64033200 [Op:IteratorGetNext]
Process ForkProcess-1:
Traceback (most recent call last):
  File "/usr/lib/python3.10/multiprocessing/process.py", line 314, in _bootstrap
    self.run()
  File "/usr/lib/python3.10/multiprocessing/process.py", line 108, in run
    self._target(*self._args, **self._kwargs)
  File "/tmp/Bazel.runfiles_0lwqsydo/runfiles/com_google_deepvariant/deepvariant/call_variants.py", line 551, in post_processing
    item = output_queue.get(timeout=180)
  File "/usr/lib/python3.10/multiprocessing/queues.py", line 114, in get
    raise Empty
_queue.Empty

real	3m4.924s
user	0m12.275s
sys	0m2.269s
