2026-02-09 20:36:57.601809: W tensorflow/compiler/xla/stream_executor/platform/default/dso_loader.cc:64] Could not load dynamic library 'libcudart.so.11.0'; dlerror: libcudart.so.11.0: cannot open shared object file: No such file or directory
2026-02-09 20:36:58.294367: W tensorflow/compiler/xla/stream_executor/platform/default/dso_loader.cc:64] Could not load dynamic library 'libnvinfer.so.7'; dlerror: libnvinfer.so.7: cannot open shared object file: No such file or directory
2026-02-09 20:36:58.294415: W tensorflow/compiler/xla/stream_executor/platform/default/dso_loader.cc:64] Could not load dynamic library 'libnvinfer_plugin.so.7'; dlerror: libnvinfer_plugin.so.7: cannot open shared object file: No such file or directory
2026-02-09 20:36:58.294421: W tensorflow/compiler/tf2tensorrt/utils/py_utils.cc:38] TF-TRT Warning: Cannot dlopen some TensorRT libraries. If you would like to use Nvidia GPU with TensorRT, please make sure the missing libraries mentioned above are installed properly.
/usr/local/lib/python3.10/dist-packages/tensorflow_addons/utils/tfa_eol_msg.py:23: UserWarning: 

TensorFlow Addons (TFA) has ended development and introduction of new features.
TFA has entered a minimal maintenance and release mode until a planned end of life in May 2024.
Please modify downstream libraries to take dependencies from other repositories in our TensorFlow community (e.g. Keras, Keras-CV, and Keras-NLP). 

For more information see: https://github.com/tensorflow/addons/issues/2807 

  warnings.warn(
2026-02-09 20:36:59.686411: W tensorflow/compiler/xla/stream_executor/platform/default/dso_loader.cc:64] Could not load dynamic library 'libcuda.so.1'; dlerror: libcuda.so.1: cannot open shared object file: No such file or directory
2026-02-09 20:36:59.686429: W tensorflow/compiler/xla/stream_executor/cuda/cuda_driver.cc:265] failed call to cuInit: UNKNOWN ERROR (303)
I0209 20:36:59.687712 139796812058624 dv_utils.py:325] From /opt/models/deepsomatic/wgs/example_info.json: Shape of input examples: [200, 221, 7], Channels of input examples: [1, 2, 3, 4, 5, 6, 19].
I0209 20:36:59.688949 139796812058624 make_examples_core.py:322] Preparing inputs
[E::fai_read] Could not understand FASTA index /data/deepsomatic_test/GRCh38_no_alt_analysis_set.chr20.fa.gz.fai line 1
[E::fai_load3_core] Failed to read FASTA index /data/deepsomatic_test/GRCh38_no_alt_analysis_set.chr20.fa.gz.fai
Traceback (most recent call last):
  File "/tmp/Bazel.runfiles_d88tb4hh/runfiles/com_google_deepvariant/deepvariant/make_examples_somatic.py", line 321, in <module>
    app.run(main)
  File "/tmp/Bazel.runfiles_d88tb4hh/runfiles/absl_py/absl/app.py", line 312, in run
    _run_main(main, args)
  File "/tmp/Bazel.runfiles_d88tb4hh/runfiles/absl_py/absl/app.py", line 258, in _run_main
    sys.exit(main(argv))
  File "/tmp/Bazel.runfiles_d88tb4hh/runfiles/com_google_deepvariant/deepvariant/make_examples_somatic.py", line 311, in main
    make_examples_core.make_examples_runner(options)
  File "/tmp/Bazel.runfiles_d88tb4hh/runfiles/com_google_deepvariant/deepvariant/make_examples_core.py", line 2919, in make_examples_runner
    ) = processing_regions_from_options(options)
  File "/tmp/Bazel.runfiles_d88tb4hh/runfiles/com_google_deepvariant/deepvariant/make_examples_core.py", line 2807, in processing_regions_from_options
    ref_contigs = fasta.IndexedFastaReader(
  File "/tmp/Bazel.runfiles_d88tb4hh/runfiles/com_google_deepvariant/third_party/nucleus/io/fasta.py", line 106, in __init__
    self._reader = reference.IndexedFastaReader.from_file(
ValueError: NOT_FOUND: could not load fasta and/or fai for fasta /data/deepsomatic_test/GRCh38_no_alt_analysis_set.chr20.fa.gz
parallel: This job failed:
/opt/deepvariant/bin/make_examples_somatic --mode calling --ref /data/deepsomatic_test/GRCh38_no_alt_analysis_set.chr20.fa.gz --reads_tumor /data/deepsomatic_test/somatic_quickstart_tumor.bam --reads_normal /data/deepsomatic_test/somatic_quickstart_normal.bam --examples '/data/deepsomatic_output/intermediate/make_examples_somatic.tfrecord@1.gz' --checkpoint /opt/models/deepsomatic/wgs --gvcf '/data/deepsomatic_output/intermediate/gvcf.tfrecord@1.gz' --sample_name_normal NORMAL --sample_name_tumor TUMOR --vsc_max_fraction_indels_for_non_target_sample 0.5 --vsc_max_fraction_snps_for_non_target_sample 0.5 --vsc_min_fraction_indels 0.05 --vsc_min_fraction_snps 0.029 --task 0

real	0m3.429s
user	0m3.852s
sys	0m0.993s
