2026-02-09 19:47:30.279273: W tensorflow/compiler/xla/stream_executor/platform/default/dso_loader.cc:64] Could not load dynamic library 'libcudart.so.11.0'; dlerror: libcudart.so.11.0: cannot open shared object file: No such file or directory
2026-02-09 19:47:31.027479: W tensorflow/compiler/xla/stream_executor/platform/default/dso_loader.cc:64] Could not load dynamic library 'libnvinfer.so.7'; dlerror: libnvinfer.so.7: cannot open shared object file: No such file or directory
2026-02-09 19:47:31.027562: W tensorflow/compiler/xla/stream_executor/platform/default/dso_loader.cc:64] Could not load dynamic library 'libnvinfer_plugin.so.7'; dlerror: libnvinfer_plugin.so.7: cannot open shared object file: No such file or directory
2026-02-09 19:47:31.027570: W tensorflow/compiler/tf2tensorrt/utils/py_utils.cc:38] TF-TRT Warning: Cannot dlopen some TensorRT libraries. If you would like to use Nvidia GPU with TensorRT, please make sure the missing libraries mentioned above are installed properly.
2026-02-09 19:47:32.344496: W tensorflow/compiler/xla/stream_executor/platform/default/dso_loader.cc:64] Could not load dynamic library 'libcuda.so.1'; dlerror: libcuda.so.1: cannot open shared object file: No such file or directory
2026-02-09 19:47:32.344535: W tensorflow/compiler/xla/stream_executor/cuda/cuda_driver.cc:265] failed call to cuInit: UNKNOWN ERROR (303)
I0209 19:47:32.348137 140559594004480 postprocess_variants.py:1445] Using sample name from call_variants output. Sample name: tumor_sample
I0209 19:47:32.424792 140559594004480 postprocess_variants.py:1311] Processing region chr20:10504252-chr20:15756378
I0209 19:47:32.424901 140559594004480 postprocess_variants.py:1311] Processing region chr20:15756378-chr20:21008504
I0209 19:47:32.425132 140559594004480 postprocess_variants.py:1311] Processing region chr20:21008504-chr20:26260630
I0209 19:47:32.425259 140559594004480 postprocess_variants.py:1311] Processing region chr20:26260630-chr20:31512756
I0209 19:47:32.425505 140559594004480 postprocess_variants.py:1311] Processing region chr20:36764882-chr20:42017008
I0209 19:47:32.425530 140559594004480 postprocess_variants.py:1311] Processing region chr20:31512756-chr20:36764882
I0209 19:47:32.425714 140559594004480 postprocess_variants.py:1311] Processing region chr20:42017008-chr20:47269134
I0209 19:47:32.425897 140559594004480 postprocess_variants.py:1311] Processing region chr20:52521260-chr20:57773386
I0209 19:47:32.426006 140559594004480 postprocess_variants.py:1311] Processing region chr20:47269134-chr20:52521260
I0209 19:47:32.425270 140559594004480 postprocess_variants.py:1318] CVO sorting took 4.1548411051432295e-05 minutes
I0209 19:47:32.425169 140559594004480 postprocess_variants.py:1318] CVO sorting took 4.375378290812175e-05 minutes
I0209 19:47:32.426252 140559594004480 postprocess_variants.py:1311] Processing region chr20:57773386-chr20:63025512
I0209 19:47:32.426556 140559594004480 postprocess_variants.py:1533] Processing variants (and writing to temporary files) took 6.293853123982748e-05 minutes
I0209 19:47:32.425510 140559594004480 postprocess_variants.py:1318] CVO sorting took 4.313786824544271e-05 minutes
I0209 19:47:32.426842 140559594004480 postprocess_variants.py:1533] Processing variants (and writing to temporary files) took 7.16090202331543e-05 minutes
I0209 19:47:32.426988 140559594004480 postprocess_variants.py:1533] Processing variants (and writing to temporary files) took 6.775856018066406e-05 minutes
I0209 19:47:32.425906 140559594004480 postprocess_variants.py:1318] CVO sorting took 4.25259272257487e-05 minutes
I0209 19:47:32.425895 140559594004480 postprocess_variants.py:1318] CVO sorting took 4.163583119710286e-05 minutes
I0209 19:47:32.426084 140559594004480 postprocess_variants.py:1318] CVO sorting took 4.149278004964193e-05 minutes
I0209 19:47:32.426236 140559594004480 postprocess_variants.py:1318] CVO sorting took 4.0368239084879556e-05 minutes
I0209 19:47:32.427305 140559594004480 postprocess_variants.py:1533] Processing variants (and writing to temporary files) took 6.510416666666667e-05 minutes
I0209 19:47:32.427325 140559594004480 postprocess_variants.py:1533] Processing variants (and writing to temporary files) took 6.61174456278483e-05 minutes
I0209 19:47:32.427406 140559594004480 postprocess_variants.py:1533] Processing variants (and writing to temporary files) took 6.347099939982096e-05 minutes
I0209 19:47:32.427499 140559594004480 postprocess_variants.py:1533] Processing variants (and writing to temporary files) took 6.141265233357747e-05 minutes
I0209 19:47:32.426667 140559594004480 postprocess_variants.py:1318] CVO sorting took 4.3956438700358075e-05 minutes
I0209 19:47:32.427962 140559594004480 postprocess_variants.py:1533] Processing variants (and writing to temporary files) took 6.558497746785481e-05 minutes
I0209 19:47:32.427822 140559594004480 postprocess_variants.py:1311] Processing region chr20:0-chr20:10504252
I0209 19:47:32.426438 140559594004480 postprocess_variants.py:1318] CVO sorting took 4.550615946451823e-05 minutes
I0209 19:47:32.428627 140559594004480 postprocess_variants.py:1533] Processing variants (and writing to temporary files) took 8.18928082784017e-05 minutes
I0209 19:47:32.425634 140559594004480 postprocess_variants.py:1318] CVO sorting took 4.3344497680664065e-05 minutes
I0209 19:47:32.429464 140559594004480 postprocess_variants.py:1533] Processing variants (and writing to temporary files) took 0.00010694265365600586 minutes
I0209 19:47:32.431388 140559594004480 postprocess_variants.py:1311] Processing region chr20:63025512-chr20:63025520
I0209 19:47:32.428266 140559594004480 postprocess_variants.py:1318] CVO sorting took 9.489059448242188e-05 minutes
I0209 19:47:32.432646 140559594004480 postprocess_variants.py:1322] Transforming call_variants_output to variants.
I0209 19:47:32.431991 140559594004480 postprocess_variants.py:1318] CVO sorting took 4.693269729614258e-05 minutes
I0209 19:47:32.432783 140559594004480 postprocess_variants.py:1330] Processed 458 variants.
I0209 19:47:32.433158 140559594004480 postprocess_variants.py:1533] Processing variants (and writing to temporary files) took 6.786584854125976e-05 minutes
I0209 19:47:32.433173 140559594004480 postprocess_variants.py:1533] Processing variants (and writing to temporary files) took 0.00017683903376261394 minutes
I0209 19:47:32.445795 140559594004480 postprocess_variants.py:1568] VCF and gVCF creation took 0.0003058354059855143 minutes.
I0209 19:47:32.447387 140559594004480 postprocess_variants.py:1568] VCF and gVCF creation took 0.000332637627919515 minutes.
I0209 19:47:32.447496 140559594004480 postprocess_variants.py:1568] VCF and gVCF creation took 0.00033217271169026693 minutes.
I0209 19:47:32.447507 140559594004480 postprocess_variants.py:1568] VCF and gVCF creation took 0.0002969543139139811 minutes.
I0209 19:47:32.447515 140559594004480 postprocess_variants.py:1568] VCF and gVCF creation took 0.000322874387105306 minutes.
I0209 19:47:32.447576 140559594004480 postprocess_variants.py:1568] VCF and gVCF creation took 0.0003323952356974284 minutes.
I0209 19:47:32.447571 140559594004480 postprocess_variants.py:1568] VCF and gVCF creation took 0.0003481030464172363 minutes.
I0209 19:47:32.447555 140559594004480 postprocess_variants.py:1568] VCF and gVCF creation took 0.0003424843152364095 minutes.
I0209 19:47:32.447540 140559594004480 postprocess_variants.py:1568] VCF and gVCF creation took 0.00031209389368693033 minutes.
I0209 19:47:32.447602 140559594004480 postprocess_variants.py:1568] VCF and gVCF creation took 0.00023827552795410156 minutes.
I0209 19:47:32.447535 140559594004480 postprocess_variants.py:1568] VCF and gVCF creation took 0.0003397504488627116 minutes.
I0209 19:47:32.857007 140559594004480 postprocess_variants.py:1568] VCF and gVCF creation took 0.007062200705210368 minutes.
Checking the headers of 12 files.
Done, the headers are compatible.
Checking the headers of 12 files.
Done, the headers are compatible.
I0209 19:47:32.960858 140559594004480 postprocess_variants.py:1723] Indexing VCF and gVCF took 0.0011669357617696127 minutes.

real	0m3.598s
user	0m3.918s
sys	0m1.176s
